\BOOKMARK [0][-]{chapter.1}{Introdu\347\343o}{}
\BOOKMARK [1][-]{section.1.1}{Bancos de dados relacionais}{chapter.1}
\BOOKMARK [2][-]{subsection.1.1.1}{Hist\363ria}{section.1.1}
\BOOKMARK [2][-]{subsection.1.1.2}{Caracter\355sticas}{section.1.1}
\BOOKMARK [1][-]{section.1.2}{Bancos NoSQL}{chapter.1}
\BOOKMARK [2][-]{subsection.1.2.1}{Escalabilidade de SGBDs relacionais}{section.1.2}
\BOOKMARK [2][-]{subsection.1.2.2}{NoSQL}{section.1.2}
\BOOKMARK [1][-]{section.1.3}{Nuvem}{chapter.1}
\BOOKMARK [2][-]{subsection.1.3.1}{Modelos de servi\347o}{section.1.3}
\BOOKMARK [0][-]{chapter.2}{Amazon SimpleDB}{}
\BOOKMARK [1][-]{section.2.1}{Introdu\347\343o}{chapter.2}
\BOOKMARK [1][-]{section.2.2}{Caracter\355sticas}{chapter.2}
\BOOKMARK [2][-]{subsection.2.2.1}{Limites}{section.2.2}
\BOOKMARK [2][-]{subsection.2.2.2}{Modelo de dados}{section.2.2}
\BOOKMARK [1][-]{section.2.3}{Opera\347\365es}{chapter.2}
\BOOKMARK [2][-]{subsection.2.3.1}{Dom\355nios}{section.2.3}
\BOOKMARK [2][-]{subsection.2.3.2}{Itens}{section.2.3}
\BOOKMARK [2][-]{subsection.2.3.3}{Atributos}{section.2.3}
\BOOKMARK [2][-]{subsection.2.3.4}{Sele\347\343o}{section.2.3}
\BOOKMARK [1][-]{section.2.4}{Consultas}{chapter.2}
\BOOKMARK [2][-]{subsection.2.4.1}{Regras gerais}{section.2.4}
\BOOKMARK [2][-]{subsection.2.4.2}{Cl\341usula de Ordena\347\343o}{section.2.4}
\BOOKMARK [2][-]{subsection.2.4.3}{Cl\341usula LIMIT}{section.2.4}
\BOOKMARK [2][-]{subsection.2.4.4}{Atributos com m\372ltiplos valores}{section.2.4}
\BOOKMARK [0][-]{chapter.3}{Exemplo de aplica\347\343o}{}
\BOOKMARK [1][-]{section.3.1}{Python API}{chapter.3}
\BOOKMARK [2][-]{subsection.3.1.1}{The Boto API}{section.3.1}
\BOOKMARK [2][-]{subsection.3.1.2}{Pricipais Classes}{section.3.1}
\BOOKMARK [1][-]{section.3.2}{Descri\347\343o}{chapter.3}
\BOOKMARK [1][-]{section.3.3}{Constru\347\343o}{chapter.3}
\BOOKMARK [0][-]{chapter.4}{Conclus\343o}{}
